<?xml version="1.0" ?> 
<?xml-stylesheet type="text/xsl" href="CUnit-Run.xsl" ?> 
<!DOCTYPE CUNIT_TEST_RUN_REPORT SYSTEM "CUnit-Run.dtd"> 
<CUNIT_TEST_RUN_REPORT> 
  <CUNIT_HEADER/> 
  <CUNIT_RESULT_LISTING> 
    <CUNIT_RUN_SUITE> 
      <CUNIT_RUN_SUITE_SUCCESS> 
        <SUITE_NAME> Basic_test_suite </SUITE_NAME> 
        <CUNIT_RUN_TEST_RECORD> 
          <CUNIT_RUN_TEST_SUCCESS> 
            <TEST_NAME> test_lisays </TEST_NAME> 
          </CUNIT_RUN_TEST_SUCCESS> 
        </CUNIT_RUN_TEST_RECORD> 
        <CUNIT_RUN_TEST_RECORD> 
          <CUNIT_RUN_TEST_SUCCESS> 
            <TEST_NAME> test_tietty </TEST_NAME> 
          </CUNIT_RUN_TEST_SUCCESS> 
        </CUNIT_RUN_TEST_RECORD> 
        <CUNIT_RUN_TEST_RECORD> 
          <CUNIT_RUN_TEST_SUCCESS> 
            <TEST_NAME> test_palautus </TEST_NAME> 
          </CUNIT_RUN_TEST_SUCCESS> 
        </CUNIT_RUN_TEST_RECORD> 
        <CUNIT_RUN_TEST_RECORD> 
          <CUNIT_RUN_TEST_SUCCESS> 
            <TEST_NAME> test_kpl </TEST_NAME> 
          </CUNIT_RUN_TEST_SUCCESS> 
        </CUNIT_RUN_TEST_RECORD> 
        <CUNIT_RUN_TEST_RECORD> 
          <CUNIT_RUN_TEST_FAILURE> 
            <TEST_NAME> test_maara </TEST_NAME> 
            <FILE_NAME> yksikko.c </FILE_NAME> 
            <LINE_NUMBER> 344 </LINE_NUMBER> 
            <CONDITION> CU_ASSERT_EQUAL(Maara(),3) </CONDITION> 
          </CUNIT_RUN_TEST_FAILURE> 
        </CUNIT_RUN_TEST_RECORD> 
        <CUNIT_RUN_TEST_RECORD> 
          <CUNIT_RUN_TEST_FAILURE> 
            <TEST_NAME> test_maara </TEST_NAME> 
            <FILE_NAME> yksikko.c </FILE_NAME> 
            <LINE_NUMBER> 363 </LINE_NUMBER> 
            <CONDITION> CU_ASSERT_EQUAL(Maara(),100) </CONDITION> 
          </CUNIT_RUN_TEST_FAILURE> 
        </CUNIT_RUN_TEST_RECORD> 
        <CUNIT_RUN_TEST_RECORD> 
          <CUNIT_RUN_TEST_FAILURE> 
            <TEST_NAME> test_maara </TEST_NAME> 
            <FILE_NAME> yksikko.c </FILE_NAME> 
            <LINE_NUMBER> 378 </LINE_NUMBER> 
            <CONDITION> CU_ASSERT_EQUAL(Maara(),0) </CONDITION> 
          </CUNIT_RUN_TEST_FAILURE> 
        </CUNIT_RUN_TEST_RECORD> 
        <CUNIT_RUN_TEST_RECORD> 
          <CUNIT_RUN_TEST_SUCCESS> 
            <TEST_NAME> test_loki </TEST_NAME> 
          </CUNIT_RUN_TEST_SUCCESS> 
        </CUNIT_RUN_TEST_RECORD> 
        <CUNIT_RUN_TEST_RECORD> 
          <CUNIT_RUN_TEST_SUCCESS> 
            <TEST_NAME> test_temploki </TEST_NAME> 
          </CUNIT_RUN_TEST_SUCCESS> 
        </CUNIT_RUN_TEST_RECORD> 
        <CUNIT_RUN_TEST_RECORD> 
          <CUNIT_RUN_TEST_SUCCESS> 
            <TEST_NAME> test_paaloki </TEST_NAME> 
          </CUNIT_RUN_TEST_SUCCESS> 
        </CUNIT_RUN_TEST_RECORD> 
      </CUNIT_RUN_SUITE_SUCCESS> 
    </CUNIT_RUN_SUITE> 
  </CUNIT_RESULT_LISTING>
  <CUNIT_RUN_SUMMARY> 
    <CUNIT_RUN_SUMMARY_RECORD> 
      <TYPE> Suites </TYPE> 
      <TOTAL> 1 </TOTAL> 
      <RUN> 1 </RUN> 
      <SUCCEEDED> - NA - </SUCCEEDED> 
      <FAILED> 0 </FAILED> 
      <INACTIVE> 0 </INACTIVE> 
    </CUNIT_RUN_SUMMARY_RECORD> 
    <CUNIT_RUN_SUMMARY_RECORD> 
      <TYPE> Test Cases </TYPE> 
      <TOTAL> 8 </TOTAL> 
      <RUN> 8 </RUN> 
      <SUCCEEDED> 7 </SUCCEEDED> 
      <FAILED> 1 </FAILED> 
      <INACTIVE> 0 </INACTIVE> 
    </CUNIT_RUN_SUMMARY_RECORD> 
    <CUNIT_RUN_SUMMARY_RECORD> 
      <TYPE> Assertions </TYPE> 
      <TOTAL> 18 </TOTAL> 
      <RUN> 18 </RUN> 
      <SUCCEEDED> 15 </SUCCEEDED> 
      <FAILED> 3 </FAILED> 
      <INACTIVE> n/a </INACTIVE> 
    </CUNIT_RUN_SUMMARY_RECORD> 
  </CUNIT_RUN_SUMMARY> 
  <CUNIT_FOOTER> File Generated By CUnit v2.1-3 - Tue Apr 16 13:46:24 2019
 </CUNIT_FOOTER> 
</CUNIT_TEST_RUN_REPORT>